0 info it worked if it ends with ok
1 verbose cli [ 'node',
1 verbose cli   '/usr/local/bin/npm',
1 verbose cli   'install',
1 verbose cli   'path/to/node-mongodb-native' ]
2 info using npm@1.4.28
3 info using node@v0.10.33
4 verbose readDependencies using package.json deps
5 verbose cache add [ 'path/to/node-mongodb-native', null ]
6 verbose cache add name=undefined spec="path/to/node-mongodb-native" args=["path/to/node-mongodb-native",null]
7 verbose parsed url { protocol: null,
7 verbose parsed url   slashes: null,
7 verbose parsed url   auth: null,
7 verbose parsed url   host: null,
7 verbose parsed url   port: null,
7 verbose parsed url   hostname: null,
7 verbose parsed url   hash: null,
7 verbose parsed url   search: null,
7 verbose parsed url   query: null,
7 verbose parsed url   pathname: 'path/to/node-mongodb-native',
7 verbose parsed url   path: 'path/to/node-mongodb-native',
7 verbose parsed url   href: 'path/to/node-mongodb-native' }
8 silly lockFile 8b1aac59-path-to-node-mongodb-native path/to/node-mongodb-native
9 verbose lock path/to/node-mongodb-native /Users/shenqi329/.npm/8b1aac59-path-to-node-mongodb-native.lock
10 silly lockFile 8b1aac59-path-to-node-mongodb-native path/to/node-mongodb-native
11 silly lockFile 8b1aac59-path-to-node-mongodb-native path/to/node-mongodb-native
12 error addLocal Could not install path/to/node-mongodb-native
13 error Error: ENOENT, stat 'path/to/node-mongodb-native'
14 error If you need help, you may report this *entire* log,
14 error including the npm and node versions, at:
14 error     <http://github.com/npm/npm/issues>
15 error System Darwin 14.0.0
16 error command "node" "/usr/local/bin/npm" "install" "path/to/node-mongodb-native"
17 error cwd /Users/shenqi329/study/EasyNote/EasyNote
18 error node -v v0.10.33
19 error npm -v 1.4.28
20 error path path/to/node-mongodb-native
21 error code ENOENT
22 error errno 34
23 verbose exit [ 34, true ]
